# JRE version: Java(TM) SE Runtime Environment (8.0_121-b13) (build 1.8.0_121-b13)
# Java VM: Java HotSpot(TM) 64-Bit Server VM (25.121-b13 mixed mode bsd-amd64 compressed oops)
Heap:
 PSYoungGen      total 135680K, used 84583K [0x0000000795580000, 0x00000007a1000000, 0x00000007c0000000)
  eden space 124416K, 62% used [0x0000000795580000,0x000000079a0fffa8,0x000000079cf00000)
  from space 11264K, 64% used [0x000000079cf00000,0x000000079d619fc0,0x000000079da00000)
  to   space 10752K, 0% used [0x00000007a0580000,0x00000007a0580000,0x00000007a1000000)
 ParOldGen       total 69632K, used 12553K [0x0000000740000000, 0x0000000744400000, 0x0000000795580000)
  object space 69632K, 18% used [0x0000000740000000,0x0000000740c42480,0x0000000744400000)
 Metaspace       used 32021K, capacity 33008K, committed 33200K, reserved 1079296K
  class space    used 3927K, capacity 4244K, committed 4272K, reserved 1048576K
GC Heap History (10 events):
Event: 5.388 GC heap before
{Heap before GC invocations=4 (full 1):
 PSYoungGen      total 71680K, used 5102K [0x0000000795580000, 0x000000079e180000, 0x00000007c0000000)
  eden space 66560K, 0% used [0x0000000795580000,0x0000000795580000,0x0000000799680000)
  from space 5120K, 99% used [0x0000000799680000,0x0000000799b7b8e0,0x0000000799b80000)
  to   space 5120K, 0% used [0x000000079dc80000,0x000000079dc80000,0x000000079e180000)
 ParOldGen       total 87552K, used 10172K [0x0000000740000000, 0x0000000745580000, 0x0000000795580000)
  object space 87552K, 11% used [0x0000000740000000,0x00000007409ef0b8,0x0000000745580000)
 Metaspace       used 20182K, capacity 21142K, committed 21296K, reserved 1067008K
  class space    used 2510K, capacity 2821K, committed 2864K, reserved 1048576K
Event: 5.491 GC heap after
Heap after GC invocations=4 (full 1):
 PSYoungGen      total 71680K, used 0K [0x0000000795580000, 0x000000079e180000, 0x00000007c0000000)
  eden space 66560K, 0% used [0x0000000795580000,0x0000000795580000,0x0000000799680000)
  from space 5120K, 0% used [0x0000000799680000,0x0000000799680000,0x0000000799b80000)
  to   space 5120K, 0% used [0x000000079dc80000,0x000000079dc80000,0x000000079e180000)
 ParOldGen       total 69632K, used 12521K [0x0000000740000000, 0x0000000744400000, 0x0000000795580000)
  object space 69632K, 17% used [0x0000000740000000,0x0000000740c3a480,0x0000000744400000)
 Metaspace       used 20182K, capacity 21142K, committed 21296K, reserved 1067008K
  class space    used 2510K, capacity 2821K, committed 2864K, reserved 1048576K
}
Event: 7.882 GC heap before
{Heap before GC invocations=5 (full 1):
 PSYoungGen      total 71680K, used 66560K [0x0000000795580000, 0x000000079e180000, 0x00000007c0000000)
  eden space 66560K, 100% used [0x0000000795580000,0x0000000799680000,0x0000000799680000)
  from space 5120K, 0% used [0x0000000799680000,0x0000000799680000,0x0000000799b80000)
  to   space 5120K, 0% used [0x000000079dc80000,0x000000079dc80000,0x000000079e180000)
 ParOldGen       total 69632K, used 12521K [0x0000000740000000, 0x0000000744400000, 0x0000000795580000)
  object space 69632K, 17% used [0x0000000740000000,0x0000000740c3a480,0x0000000744400000)
 Metaspace       used 23020K, capacity 24022K, committed 24240K, reserved 1071104K
  class space    used 2877K, capacity 3205K, committed 3248K, reserved 1048576K
Event: 7.887 GC heap after
Heap after GC invocations=5 (full 1):
 PSYoungGen      total 94720K, used 2853K [0x0000000795580000, 0x000000079df80000, 0x00000007c0000000)
  eden space 91648K, 0% used [0x0000000795580000,0x0000000795580000,0x000000079af00000)
  from space 3072K, 92% used [0x000000079dc80000,0x000000079df49498,0x000000079df80000)
  to   space 5120K, 0% used [0x000000079d580000,0x000000079d580000,0x000000079da80000)
 ParOldGen       total 69632K, used 12529K [0x0000000740000000, 0x0000000744400000, 0x0000000795580000)
  object space 69632K, 17% used [0x0000000740000000,0x0000000740c3c480,0x0000000744400000)
 Metaspace       used 23020K, capacity 24022K, committed 24240K, reserved 1071104K
  class space    used 2877K, capacity 3205K, committed 3248K, reserved 1048576K
}
Event: 10.483 GC heap before
{Heap before GC invocations=6 (full 1):
 PSYoungGen      total 94720K, used 94501K [0x0000000795580000, 0x000000079df80000, 0x00000007c0000000)
  eden space 91648K, 100% used [0x0000000795580000,0x000000079af00000,0x000000079af00000)
  from space 3072K, 92% used [0x000000079dc80000,0x000000079df49498,0x000000079df80000)
  to   space 5120K, 0% used [0x000000079d580000,0x000000079d580000,0x000000079da80000)
 ParOldGen       total 69632K, used 12529K [0x0000000740000000, 0x0000000744400000, 0x0000000795580000)
  object space 69632K, 17% used [0x0000000740000000,0x0000000740c3c480,0x0000000744400000)
 Metaspace       used 25579K, capacity 26600K, committed 26928K, reserved 1073152K
  class space    used 3210K, capacity 3528K, committed 3632K, reserved 1048576K
Event: 10.502 GC heap after
Heap after GC invocations=6 (full 1):
 PSYoungGen      total 129024K, used 4317K [0x0000000795580000, 0x000000079e500000, 0x00000007c0000000)
  eden space 124416K, 0% used [0x0000000795580000,0x0000000795580000,0x000000079cf00000)
  from space 4608K, 93% used [0x000000079d580000,0x000000079d9b7738,0x000000079da00000)
  to   space 11264K, 0% used [0x000000079da00000,0x000000079da00000,0x000000079e500000)
 ParOldGen       total 69632K, used 12537K [0x0000000740000000, 0x0000000744400000, 0x0000000795580000)
  object space 69632K, 18% used [0x0000000740000000,0x0000000740c3e480,0x0000000744400000)
 Metaspace       used 25579K, capacity 26600K, committed 26928K, reserved 1073152K
  class space    used 3210K, capacity 3528K, committed 3632K, reserved 1048576K
}
Event: 14.093 GC heap before
{Heap before GC invocations=7 (full 1):
 PSYoungGen      total 129024K, used 128733K [0x0000000795580000, 0x000000079e500000, 0x00000007c0000000)
  eden space 124416K, 100% used [0x0000000795580000,0x000000079cf00000,0x000000079cf00000)
  from space 4608K, 93% used [0x000000079d580000,0x000000079d9b7738,0x000000079da00000)
  to   space 11264K, 0% used [0x000000079da00000,0x000000079da00000,0x000000079e500000)
 ParOldGen       total 69632K, used 12537K [0x0000000740000000, 0x0000000744400000, 0x0000000795580000)
  object space 69632K, 18% used [0x0000000740000000,0x0000000740c3e480,0x0000000744400000)
 Metaspace       used 28102K, capacity 29038K, committed 29488K, reserved 1075200K
  class space    used 3487K, capacity 3785K, committed 3888K, reserved 1048576K
Event: 14.112 GC heap after
Heap after GC invocations=7 (full 1):
 PSYoungGen      total 135680K, used 5100K [0x0000000795580000, 0x00000007a0c80000, 0x00000007c0000000)
  eden space 124416K, 0% used [0x0000000795580000,0x0000000795580000,0x000000079cf00000)
  from space 11264K, 45% used [0x000000079da00000,0x000000079defb3d0,0x000000079e500000)
  to   space 11264K, 0% used [0x000000079cf00000,0x000000079cf00000,0x000000079da00000)
 ParOldGen       total 69632K, used 12545K [0x0000000740000000, 0x0000000744400000, 0x0000000795580000)
  object space 69632K, 18% used [0x0000000740000000,0x0000000740c40480,0x0000000744400000)
 Metaspace       used 28102K, capacity 29038K, committed 29488K, reserved 1075200K
  class space    used 3487K, capacity 3785K, committed 3888K, reserved 1048576K
}
Event: 16.310 GC heap before
{Heap before GC invocations=8 (full 1):
 PSYoungGen      total 135680K, used 129516K [0x0000000795580000, 0x00000007a0c80000, 0x00000007c0000000)
  eden space 124416K, 100% used [0x0000000795580000,0x000000079cf00000,0x000000079cf00000)
  from space 11264K, 45% used [0x000000079da00000,0x000000079defb3d0,0x000000079e500000)
  to   space 11264K, 0% used [0x000000079cf00000,0x000000079cf00000,0x000000079da00000)
 ParOldGen       total 69632K, used 12545K [0x0000000740000000, 0x0000000744400000, 0x0000000795580000)
  object space 69632K, 18% used [0x0000000740000000,0x0000000740c40480,0x0000000744400000)
 Metaspace       used 30721K, capacity 31726K, committed 32048K, reserved 1077248K
  class space    used 3802K, capacity 4105K, committed 4144K, reserved 1048576K
Event: 16.345 GC heap after
Heap after GC invocations=8 (full 1):
 PSYoungGen      total 135680K, used 7271K [0x0000000795580000, 0x00000007a1000000, 0x00000007c0000000)
  eden space 124416K, 0% used [0x0000000795580000,0x0000000795580000,0x000000079cf00000)
  from space 11264K, 64% used [0x000000079cf00000,0x000000079d619fc0,0x000000079da00000)
  to   space 10752K, 0% used [0x00000007a0580000,0x00000007a0580000,0x00000007a1000000)
 ParOldGen       total 69632K, used 12553K [0x0000000740000000, 0x0000000744400000, 0x0000000795580000)
  object space 69632K, 18% used [0x0000000740000000,0x0000000740c42480,0x0000000744400000)
 Metaspace       used 30721K, capacity 31726K, committed 32048K, reserved 1077248K
  class space    used 3802K, capacity 4105K, committed 4144K, reserved 1048576K
}

