# JRE version: Java(TM) SE Runtime Environment (8.0_121-b13) (build 1.8.0_121-b13)
# Java VM: Java HotSpot(TM) 64-Bit Server VM (25.121-b13 mixed mode bsd-amd64 compressed oops)
Heap:
 PSYoungGen      total 320512K, used 164934K [0x0000000795580000, 0x00000007aac80000, 0x00000007c0000000)
  eden space 298496K, 55% used [0x0000000795580000,0x000000079f691818,0x00000007a7900000)
  from space 22016K, 0% used [0x00000007a9080000,0x00000007a9080000,0x00000007aa600000)
  to   space 24064K, 0% used [0x00000007a7900000,0x00000007a7900000,0x00000007a9080000)
 ParOldGen       total 161280K, used 48031K [0x0000000740000000, 0x0000000749d80000, 0x0000000795580000)
  object space 161280K, 29% used [0x0000000740000000,0x0000000742ee7c60,0x0000000749d80000)
 Metaspace       used 62942K, capacity 64506K, committed 64792K, reserved 1105920K
  class space    used 7705K, capacity 8113K, committed 8240K, reserved 1048576K
GC Heap History (10 events):
Event: 7.719 GC heap before
{Heap before GC invocations=11 (full 2):
 PSYoungGen      total 208896K, used 206611K [0x0000000795580000, 0x00000007a2f00000, 0x00000007c0000000)
  eden space 198144K, 100% used [0x0000000795580000,0x00000007a1700000,0x00000007a1700000)
  from space 10752K, 78% used [0x00000007a2480000,0x00000007a2cc4ff8,0x00000007a2f00000)
  to   space 12288K, 0% used [0x00000007a1700000,0x00000007a1700000,0x00000007a2300000)
 ParOldGen       total 106496K, used 21665K [0x0000000740000000, 0x0000000746800000, 0x0000000795580000)
  object space 106496K, 20% used [0x0000000740000000,0x0000000741528630,0x0000000746800000)
 Metaspace       used 44809K, capacity 45992K, committed 46376K, reserved 1089536K
  class space    used 5505K, capacity 5838K, committed 5936K, reserved 1048576K
Event: 7.743 GC heap after
Heap after GC invocations=11 (full 2):
 PSYoungGen      total 210432K, used 12286K [0x0000000795580000, 0x00000007a6380000, 0x00000007c0000000)
  eden space 198144K, 0% used [0x0000000795580000,0x0000000795580000,0x00000007a1700000)
  from space 12288K, 99% used [0x00000007a1700000,0x00000007a22ffad8,0x00000007a2300000)
  to   space 14336K, 0% used [0x00000007a5580000,0x00000007a5580000,0x00000007a6380000)
 ParOldGen       total 106496K, used 23213K [0x0000000740000000, 0x0000000746800000, 0x0000000795580000)
  object space 106496K, 21% used [0x0000000740000000,0x00000007416ab6a8,0x0000000746800000)
 Metaspace       used 44809K, capacity 45992K, committed 46376K, reserved 1089536K
  class space    used 5505K, capacity 5838K, committed 5936K, reserved 1048576K
}
Event: 9.578 GC heap before
{Heap before GC invocations=12 (full 2):
 PSYoungGen      total 210432K, used 210430K [0x0000000795580000, 0x00000007a6380000, 0x00000007c0000000)
  eden space 198144K, 100% used [0x0000000795580000,0x00000007a1700000,0x00000007a1700000)
  from space 12288K, 99% used [0x00000007a1700000,0x00000007a22ffad8,0x00000007a2300000)
  to   space 14336K, 0% used [0x00000007a5580000,0x00000007a5580000,0x00000007a6380000)
 ParOldGen       total 106496K, used 23213K [0x0000000740000000, 0x0000000746800000, 0x0000000795580000)
  object space 106496K, 21% used [0x0000000740000000,0x00000007416ab6a8,0x0000000746800000)
 Metaspace       used 49804K, capacity 51032K, committed 51496K, reserved 1093632K
  class space    used 6022K, capacity 6358K, committed 6448K, reserved 1048576K
Event: 9.600 GC heap after
Heap after GC invocations=12 (full 2):
 PSYoungGen      total 259072K, used 14332K [0x0000000795580000, 0x00000007a6680000, 0x00000007c0000000)
  eden space 244736K, 0% used [0x0000000795580000,0x0000000795580000,0x00000007a4480000)
  from space 14336K, 99% used [0x00000007a5580000,0x00000007a637f0e8,0x00000007a6380000)
  to   space 17408K, 0% used [0x00000007a4480000,0x00000007a4480000,0x00000007a5580000)
 ParOldGen       total 106496K, used 27560K [0x0000000740000000, 0x0000000746800000, 0x0000000795580000)
  object space 106496K, 25% used [0x0000000740000000,0x0000000741aea2a0,0x0000000746800000)
 Metaspace       used 49804K, capacity 51032K, committed 51496K, reserved 1093632K
  class space    used 6022K, capacity 6358K, committed 6448K, reserved 1048576K
}
Event: 12.167 GC heap before
{Heap before GC invocations=13 (full 2):
 PSYoungGen      total 259072K, used 259068K [0x0000000795580000, 0x00000007a6680000, 0x00000007c0000000)
  eden space 244736K, 100% used [0x0000000795580000,0x00000007a4480000,0x00000007a4480000)
  from space 14336K, 99% used [0x00000007a5580000,0x00000007a637f0e8,0x00000007a6380000)
  to   space 17408K, 0% used [0x00000007a4480000,0x00000007a4480000,0x00000007a5580000)
 ParOldGen       total 106496K, used 27560K [0x0000000740000000, 0x0000000746800000, 0x0000000795580000)
  object space 106496K, 25% used [0x0000000740000000,0x0000000741aea2a0,0x0000000746800000)
 Metaspace       used 52922K, capacity 54306K, committed 54696K, reserved 1097728K
  class space    used 6421K, capacity 6749K, committed 6832K, reserved 1048576K
Event: 12.203 GC heap after
Heap after GC invocations=13 (full 2):
 PSYoungGen      total 262144K, used 17404K [0x0000000795580000, 0x00000007aa600000, 0x00000007c0000000)
  eden space 244736K, 0% used [0x0000000795580000,0x0000000795580000,0x00000007a4480000)
  from space 17408K, 99% used [0x00000007a4480000,0x00000007a557f0d8,0x00000007a5580000)
  to   space 22016K, 0% used [0x00000007a9080000,0x00000007a9080000,0x00000007aa600000)
 ParOldGen       total 106496K, used 34125K [0x0000000740000000, 0x0000000746800000, 0x0000000795580000)
  object space 106496K, 32% used [0x0000000740000000,0x0000000742153638,0x0000000746800000)
 Metaspace       used 52922K, capacity 54306K, committed 54696K, reserved 1097728K
  class space    used 6421K, capacity 6749K, committed 6832K, reserved 1048576K
}
Event: 13.915 GC heap before
{Heap before GC invocations=14 (full 2):
 PSYoungGen      total 262144K, used 204500K [0x0000000795580000, 0x00000007aa600000, 0x00000007c0000000)
  eden space 244736K, 76% used [0x0000000795580000,0x00000007a0c36258,0x00000007a4480000)
  from space 17408K, 99% used [0x00000007a4480000,0x00000007a557f0d8,0x00000007a5580000)
  to   space 22016K, 0% used [0x00000007a9080000,0x00000007a9080000,0x00000007aa600000)
 ParOldGen       total 106496K, used 34125K [0x0000000740000000, 0x0000000746800000, 0x0000000795580000)
  object space 106496K, 32% used [0x0000000740000000,0x0000000742153638,0x0000000746800000)
 Metaspace       used 57638K, capacity 59066K, committed 59160K, reserved 1101824K
  class space    used 7055K, capacity 7425K, committed 7472K, reserved 1048576K
Event: 13.954 GC heap after
Heap after GC invocations=14 (full 2):
 PSYoungGen      total 320512K, used 20069K [0x0000000795580000, 0x00000007aac80000, 0x00000007c0000000)
  eden space 298496K, 0% used [0x0000000795580000,0x0000000795580000,0x00000007a7900000)
  from space 22016K, 91% used [0x00000007a9080000,0x00000007aa419618,0x00000007aa600000)
  to   space 24064K, 0% used [0x00000007a7900000,0x00000007a7900000,0x00000007a9080000)
 ParOldGen       total 106496K, used 38729K [0x0000000740000000, 0x0000000746800000, 0x0000000795580000)
  object space 106496K, 36% used [0x0000000740000000,0x00000007425d2658,0x0000000746800000)
 Metaspace       used 57638K, capacity 59066K, committed 59160K, reserved 1101824K
  class space    used 7055K, capacity 7425K, committed 7472K, reserved 1048576K
}
Event: 13.954 GC heap before
{Heap before GC invocations=15 (full 3):
 PSYoungGen      total 320512K, used 20069K [0x0000000795580000, 0x00000007aac80000, 0x00000007c0000000)
  eden space 298496K, 0% used [0x0000000795580000,0x0000000795580000,0x00000007a7900000)
  from space 22016K, 91% used [0x00000007a9080000,0x00000007aa419618,0x00000007aa600000)
  to   space 24064K, 0% used [0x00000007a7900000,0x00000007a7900000,0x00000007a9080000)
 ParOldGen       total 106496K, used 38729K [0x0000000740000000, 0x0000000746800000, 0x0000000795580000)
  object space 106496K, 36% used [0x0000000740000000,0x00000007425d2658,0x0000000746800000)
 Metaspace       used 57638K, capacity 59066K, committed 59160K, reserved 1101824K
  class space    used 7055K, capacity 7425K, committed 7472K, reserved 1048576K
Event: 14.184 GC heap after
Heap after GC invocations=15 (full 3):
 PSYoungGen      total 320512K, used 0K [0x0000000795580000, 0x00000007aac80000, 0x00000007c0000000)
  eden space 298496K, 0% used [0x0000000795580000,0x0000000795580000,0x00000007a7900000)
  from space 22016K, 0% used [0x00000007a9080000,0x00000007a9080000,0x00000007aa600000)
  to   space 24064K, 0% used [0x00000007a7900000,0x00000007a7900000,0x00000007a9080000)
 ParOldGen       total 161280K, used 48031K [0x0000000740000000, 0x0000000749d80000, 0x0000000795580000)
  object space 161280K, 29% used [0x0000000740000000,0x0000000742ee7c60,0x0000000749d80000)
 Metaspace       used 57638K, capacity 59066K, committed 59160K, reserved 1101824K
  class space    used 7055K, capacity 7425K, committed 7472K, reserved 1048576K
}

