# JRE version: Java(TM) SE Runtime Environment (8.0_121-b13) (build 1.8.0_121-b13)
# Java VM: Java HotSpot(TM) 64-Bit Server VM (25.121-b13 mixed mode bsd-amd64 compressed oops)
Heap:
 PSYoungGen      total 114176K, used 10952K [0x0000000795580000, 0x00000007a0300000, 0x00000007c0000000)
  eden space 102400K, 6% used [0x0000000795580000,0x0000000795bfa470,0x000000079b980000)
  from space 11776K, 36% used [0x000000079b980000,0x000000079bdb7cf0,0x000000079c500000)
  to   space 11264K, 0% used [0x000000079f800000,0x000000079f800000,0x00000007a0300000)
 ParOldGen       total 65536K, used 12227K [0x0000000740000000, 0x0000000744000000, 0x0000000795580000)
  object space 65536K, 18% used [0x0000000740000000,0x0000000740bf0c50,0x0000000744000000)
 Metaspace       used 27488K, capacity 28492K, committed 28848K, reserved 1075200K
  class space    used 3421K, capacity 3732K, committed 3760K, reserved 1048576K
GC Heap History (10 events):
Event: 6.685 GC heap before
{Heap before GC invocations=4 (full 0):
 PSYoungGen      total 38400K, used 28775K [0x0000000795580000, 0x000000079a080000, 0x00000007c0000000)
  eden space 33280K, 71% used [0x0000000795580000,0x0000000796c9ddb8,0x0000000797600000)
  from space 5120K, 99% used [0x0000000797600000,0x0000000797afc050,0x0000000797b00000)
  to   space 5120K, 0% used [0x0000000799b80000,0x0000000799b80000,0x000000079a080000)
 ParOldGen       total 87552K, used 8846K [0x0000000740000000, 0x0000000745580000, 0x0000000795580000)
  object space 87552K, 10% used [0x0000000740000000,0x00000007408a3b48,0x0000000745580000)
 Metaspace       used 20197K, capacity 21142K, committed 21296K, reserved 1067008K
  class space    used 2499K, capacity 2821K, committed 2864K, reserved 1048576K
Event: 6.707 GC heap after
Heap after GC invocations=4 (full 0):
 PSYoungGen      total 71680K, used 5104K [0x0000000795580000, 0x000000079a080000, 0x00000007c0000000)
  eden space 66560K, 0% used [0x0000000795580000,0x0000000795580000,0x0000000799680000)
  from space 5120K, 99% used [0x0000000799b80000,0x000000079a07c010,0x000000079a080000)
  to   space 5120K, 0% used [0x0000000799680000,0x0000000799680000,0x0000000799b80000)
 ParOldGen       total 87552K, used 9954K [0x0000000740000000, 0x0000000745580000, 0x0000000795580000)
  object space 87552K, 11% used [0x0000000740000000,0x00000007409b8850,0x0000000745580000)
 Metaspace       used 20197K, capacity 21142K, committed 21296K, reserved 1067008K
  class space    used 2499K, capacity 2821K, committed 2864K, reserved 1048576K
}
Event: 6.707 GC heap before
{Heap before GC invocations=5 (full 1):
 PSYoungGen      total 71680K, used 5104K [0x0000000795580000, 0x000000079a080000, 0x00000007c0000000)
  eden space 66560K, 0% used [0x0000000795580000,0x0000000795580000,0x0000000799680000)
  from space 5120K, 99% used [0x0000000799b80000,0x000000079a07c010,0x000000079a080000)
  to   space 5120K, 0% used [0x0000000799680000,0x0000000799680000,0x0000000799b80000)
 ParOldGen       total 87552K, used 9954K [0x0000000740000000, 0x0000000745580000, 0x0000000795580000)
  object space 87552K, 11% used [0x0000000740000000,0x00000007409b8850,0x0000000745580000)
 Metaspace       used 20197K, capacity 21142K, committed 21296K, reserved 1067008K
  class space    used 2499K, capacity 2821K, committed 2864K, reserved 1048576K
Event: 6.793 GC heap after
Heap after GC invocations=5 (full 1):
 PSYoungGen      total 71680K, used 0K [0x0000000795580000, 0x000000079a080000, 0x00000007c0000000)
  eden space 66560K, 0% used [0x0000000795580000,0x0000000795580000,0x0000000799680000)
  from space 5120K, 0% used [0x0000000799b80000,0x0000000799b80000,0x000000079a080000)
  to   space 5120K, 0% used [0x0000000799680000,0x0000000799680000,0x0000000799b80000)
 ParOldGen       total 65536K, used 12203K [0x0000000740000000, 0x0000000744000000, 0x0000000795580000)
  object space 65536K, 18% used [0x0000000740000000,0x0000000740beac50,0x0000000744000000)
 Metaspace       used 20197K, capacity 21142K, committed 21296K, reserved 1067008K
  class space    used 2499K, capacity 2821K, committed 2864K, reserved 1048576K
}
Event: 9.141 GC heap before
{Heap before GC invocations=6 (full 1):
 PSYoungGen      total 71680K, used 66560K [0x0000000795580000, 0x000000079a080000, 0x00000007c0000000)
  eden space 66560K, 100% used [0x0000000795580000,0x0000000799680000,0x0000000799680000)
  from space 5120K, 0% used [0x0000000799b80000,0x0000000799b80000,0x000000079a080000)
  to   space 5120K, 0% used [0x0000000799680000,0x0000000799680000,0x0000000799b80000)
 ParOldGen       total 65536K, used 12203K [0x0000000740000000, 0x0000000744000000, 0x0000000795580000)
  object space 65536K, 18% used [0x0000000740000000,0x0000000740beac50,0x0000000744000000)
 Metaspace       used 23070K, capacity 24054K, committed 24240K, reserved 1071104K
  class space    used 2849K, capacity 3173K, committed 3248K, reserved 1048576K
Event: 9.158 GC heap after
Heap after GC invocations=6 (full 1):
 PSYoungGen      total 71680K, used 2265K [0x0000000795580000, 0x000000079d080000, 0x00000007c0000000)
  eden space 66560K, 0% used [0x0000000795580000,0x0000000795580000,0x0000000799680000)
  from space 5120K, 44% used [0x0000000799680000,0x00000007998b6788,0x0000000799b80000)
  to   space 11776K, 0% used [0x000000079c500000,0x000000079c500000,0x000000079d080000)
 ParOldGen       total 65536K, used 12211K [0x0000000740000000, 0x0000000744000000, 0x0000000795580000)
  object space 65536K, 18% used [0x0000000740000000,0x0000000740becc50,0x0000000744000000)
 Metaspace       used 23070K, capacity 24054K, committed 24240K, reserved 1071104K
  class space    used 2849K, capacity 3173K, committed 3248K, reserved 1048576K
}
Event: 10.250 GC heap before
{Heap before GC invocations=7 (full 1):
 PSYoungGen      total 71680K, used 68825K [0x0000000795580000, 0x000000079d080000, 0x00000007c0000000)
  eden space 66560K, 100% used [0x0000000795580000,0x0000000799680000,0x0000000799680000)
  from space 5120K, 44% used [0x0000000799680000,0x00000007998b6788,0x0000000799b80000)
  to   space 11776K, 0% used [0x000000079c500000,0x000000079c500000,0x000000079d080000)
 ParOldGen       total 65536K, used 12211K [0x0000000740000000, 0x0000000744000000, 0x0000000795580000)
  object space 65536K, 18% used [0x0000000740000000,0x0000000740becc50,0x0000000744000000)
 Metaspace       used 25178K, capacity 26184K, committed 26544K, reserved 1073152K
  class space    used 3124K, capacity 3432K, committed 3504K, reserved 1048576K
Event: 10.268 GC heap after
Heap after GC invocations=7 (full 1):
 PSYoungGen      total 114176K, used 2857K [0x0000000795580000, 0x000000079d080000, 0x00000007c0000000)
  eden space 102400K, 0% used [0x0000000795580000,0x0000000795580000,0x000000079b980000)
  from space 11776K, 24% used [0x000000079c500000,0x000000079c7ca6d8,0x000000079d080000)
  to   space 11776K, 0% used [0x000000079b980000,0x000000079b980000,0x000000079c500000)
 ParOldGen       total 65536K, used 12219K [0x0000000740000000, 0x0000000744000000, 0x0000000795580000)
  object space 65536K, 18% used [0x0000000740000000,0x0000000740beec50,0x0000000744000000)
 Metaspace       used 25178K, capacity 26184K, committed 26544K, reserved 1073152K
  class space    used 3124K, capacity 3432K, committed 3504K, reserved 1048576K
}
Event: 12.339 GC heap before
{Heap before GC invocations=8 (full 1):
 PSYoungGen      total 114176K, used 105257K [0x0000000795580000, 0x000000079d080000, 0x00000007c0000000)
  eden space 102400K, 100% used [0x0000000795580000,0x000000079b980000,0x000000079b980000)
  from space 11776K, 24% used [0x000000079c500000,0x000000079c7ca6d8,0x000000079d080000)
  to   space 11776K, 0% used [0x000000079b980000,0x000000079b980000,0x000000079c500000)
 ParOldGen       total 65536K, used 12219K [0x0000000740000000, 0x0000000744000000, 0x0000000795580000)
  object space 65536K, 18% used [0x0000000740000000,0x0000000740beec50,0x0000000744000000)
 Metaspace       used 27355K, capacity 28364K, committed 28592K, reserved 1075200K
  class space    used 3413K, capacity 3732K, committed 3760K, reserved 1048576K
Event: 12.360 GC heap after
Heap after GC invocations=8 (full 1):
 PSYoungGen      total 114176K, used 4319K [0x0000000795580000, 0x00000007a0300000, 0x00000007c0000000)
  eden space 102400K, 0% used [0x0000000795580000,0x0000000795580000,0x000000079b980000)
  from space 11776K, 36% used [0x000000079b980000,0x000000079bdb7cf0,0x000000079c500000)
  to   space 11264K, 0% used [0x000000079f800000,0x000000079f800000,0x00000007a0300000)
 ParOldGen       total 65536K, used 12227K [0x0000000740000000, 0x0000000744000000, 0x0000000795580000)
  object space 65536K, 18% used [0x0000000740000000,0x0000000740bf0c50,0x0000000744000000)
 Metaspace       used 27355K, capacity 28364K, committed 28592K, reserved 1075200K
  class space    used 3413K, capacity 3732K, committed 3760K, reserved 1048576K
}

