# JRE version: Java(TM) SE Runtime Environment (8.0_121-b13) (build 1.8.0_121-b13)
# Java VM: Java HotSpot(TM) 64-Bit Server VM (25.121-b13 mixed mode bsd-amd64 compressed oops)
Heap:
 PSYoungGen      total 106496K, used 27358K [0x0000000795580000, 0x000000079dd00000, 0x00000007c0000000)
  eden space 101376K, 21% used [0x0000000795580000,0x0000000796b3b9d0,0x000000079b880000)
  from space 5120K, 99% used [0x000000079d780000,0x000000079dc7c088,0x000000079dc80000)
  to   space 512K, 0% used [0x000000079dc80000,0x000000079dc80000,0x000000079dd00000)
 ParOldGen       total 82432K, used 20316K [0x0000000740000000, 0x0000000745080000, 0x0000000795580000)
  object space 82432K, 24% used [0x0000000740000000,0x00000007413d7378,0x0000000745080000)
 Metaspace       used 32088K, capacity 33150K, committed 33456K, reserved 1079296K
  class space    used 3936K, capacity 4257K, committed 4272K, reserved 1048576K
GC Heap History (10 events):
Event: 1.353 GC heap before
{Heap before GC invocations=2 (full 0):
 PSYoungGen      total 38400K, used 38373K [0x0000000795580000, 0x000000079a080000, 0x00000007c0000000)
  eden space 33280K, 100% used [0x0000000795580000,0x0000000797600000,0x0000000797600000)
  from space 5120K, 99% used [0x0000000797600000,0x0000000797af9440,0x0000000797b00000)
  to   space 5120K, 0% used [0x0000000799b80000,0x0000000799b80000,0x000000079a080000)
 ParOldGen       total 87552K, used 2913K [0x0000000740000000, 0x0000000745580000, 0x0000000795580000)
  object space 87552K, 3% used [0x0000000740000000,0x00000007402d8488,0x0000000745580000)
 Metaspace       used 15653K, capacity 16514K, committed 16768K, reserved 1064960K
  class space    used 1890K, capacity 2164K, committed 2176K, reserved 1048576K
Event: 1.368 GC heap after
Heap after GC invocations=2 (full 0):
 PSYoungGen      total 71680K, used 5114K [0x0000000795580000, 0x000000079a080000, 0x00000007c0000000)
  eden space 66560K, 0% used [0x0000000795580000,0x0000000795580000,0x0000000799680000)
  from space 5120K, 99% used [0x0000000799b80000,0x000000079a07eaa0,0x000000079a080000)
  to   space 5120K, 0% used [0x0000000799680000,0x0000000799680000,0x0000000799b80000)
 ParOldGen       total 87552K, used 10518K [0x0000000740000000, 0x0000000745580000, 0x0000000795580000)
  object space 87552K, 12% used [0x0000000740000000,0x0000000740a45a60,0x0000000745580000)
 Metaspace       used 15653K, capacity 16514K, committed 16768K, reserved 1064960K
  class space    used 1890K, capacity 2164K, committed 2176K, reserved 1048576K
}
Event: 1.771 GC heap before
{Heap before GC invocations=3 (full 0):
 PSYoungGen      total 71680K, used 43787K [0x0000000795580000, 0x000000079a080000, 0x00000007c0000000)
  eden space 66560K, 58% used [0x0000000795580000,0x0000000797b442e0,0x0000000799680000)
  from space 5120K, 99% used [0x0000000799b80000,0x000000079a07eaa0,0x000000079a080000)
  to   space 5120K, 0% used [0x0000000799680000,0x0000000799680000,0x0000000799b80000)
 ParOldGen       total 87552K, used 10518K [0x0000000740000000, 0x0000000745580000, 0x0000000795580000)
  object space 87552K, 12% used [0x0000000740000000,0x0000000740a45a60,0x0000000745580000)
 Metaspace       used 20228K, capacity 21166K, committed 21296K, reserved 1067008K
  class space    used 2530K, capacity 2825K, committed 2864K, reserved 1048576K
Event: 1.783 GC heap after
Heap after GC invocations=3 (full 0):
 PSYoungGen      total 71680K, used 5114K [0x0000000795580000, 0x000000079e180000, 0x00000007c0000000)
  eden space 66560K, 0% used [0x0000000795580000,0x0000000795580000,0x0000000799680000)
  from space 5120K, 99% used [0x0000000799680000,0x0000000799b7eaa0,0x0000000799b80000)
  to   space 5120K, 0% used [0x000000079dc80000,0x000000079dc80000,0x000000079e180000)
 ParOldGen       total 87552K, used 14069K [0x0000000740000000, 0x0000000745580000, 0x0000000795580000)
  object space 87552K, 16% used [0x0000000740000000,0x0000000740dbd400,0x0000000745580000)
 Metaspace       used 20228K, capacity 21166K, committed 21296K, reserved 1067008K
  class space    used 2530K, capacity 2825K, committed 2864K, reserved 1048576K
}
Event: 1.783 GC heap before
{Heap before GC invocations=4 (full 1):
 PSYoungGen      total 71680K, used 5114K [0x0000000795580000, 0x000000079e180000, 0x00000007c0000000)
  eden space 66560K, 0% used [0x0000000795580000,0x0000000795580000,0x0000000799680000)
  from space 5120K, 99% used [0x0000000799680000,0x0000000799b7eaa0,0x0000000799b80000)
  to   space 5120K, 0% used [0x000000079dc80000,0x000000079dc80000,0x000000079e180000)
 ParOldGen       total 87552K, used 14069K [0x0000000740000000, 0x0000000745580000, 0x0000000795580000)
  object space 87552K, 16% used [0x0000000740000000,0x0000000740dbd400,0x0000000745580000)
 Metaspace       used 20228K, capacity 21166K, committed 21296K, reserved 1067008K
  class space    used 2530K, capacity 2825K, committed 2864K, reserved 1048576K
Event: 1.882 GC heap after
Heap after GC invocations=4 (full 1):
 PSYoungGen      total 71680K, used 0K [0x0000000795580000, 0x000000079e180000, 0x00000007c0000000)
  eden space 66560K, 0% used [0x0000000795580000,0x0000000795580000,0x0000000799680000)
  from space 5120K, 0% used [0x0000000799680000,0x0000000799680000,0x0000000799b80000)
  to   space 5120K, 0% used [0x000000079dc80000,0x000000079dc80000,0x000000079e180000)
 ParOldGen       total 82432K, used 16486K [0x0000000740000000, 0x0000000745080000, 0x0000000795580000)
  object space 82432K, 20% used [0x0000000740000000,0x0000000741019b68,0x0000000745080000)
 Metaspace       used 20221K, capacity 21154K, committed 21296K, reserved 1067008K
  class space    used 2529K, capacity 2823K, committed 2864K, reserved 1048576K
}
Event: 3.117 GC heap before
{Heap before GC invocations=5 (full 1):
 PSYoungGen      total 71680K, used 66560K [0x0000000795580000, 0x000000079e180000, 0x00000007c0000000)
  eden space 66560K, 100% used [0x0000000795580000,0x0000000799680000,0x0000000799680000)
  from space 5120K, 0% used [0x0000000799680000,0x0000000799680000,0x0000000799b80000)
  to   space 5120K, 0% used [0x000000079dc80000,0x000000079dc80000,0x000000079e180000)
 ParOldGen       total 82432K, used 16486K [0x0000000740000000, 0x0000000745080000, 0x0000000795580000)
  object space 82432K, 20% used [0x0000000740000000,0x0000000741019b68,0x0000000745080000)
 Metaspace       used 25563K, capacity 26528K, committed 26800K, reserved 1073152K
  class space    used 3210K, capacity 3500K, committed 3504K, reserved 1048576K
Event: 3.127 GC heap after
Heap after GC invocations=5 (full 1):
 PSYoungGen      total 88576K, used 5109K [0x0000000795580000, 0x000000079e180000, 0x00000007c0000000)
  eden space 83456K, 0% used [0x0000000795580000,0x0000000795580000,0x000000079a700000)
  from space 5120K, 99% used [0x000000079dc80000,0x000000079e17d4f8,0x000000079e180000)
  to   space 5120K, 0% used [0x000000079d780000,0x000000079d780000,0x000000079dc80000)
 ParOldGen       total 82432K, used 16768K [0x0000000740000000, 0x0000000745080000, 0x0000000795580000)
  object space 82432K, 20% used [0x0000000740000000,0x0000000741060240,0x0000000745080000)
 Metaspace       used 25563K, capacity 26528K, committed 26800K, reserved 1073152K
  class space    used 3210K, capacity 3500K, committed 3504K, reserved 1048576K
}
Event: 9.873 GC heap before
{Heap before GC invocations=6 (full 1):
 PSYoungGen      total 88576K, used 88565K [0x0000000795580000, 0x000000079e180000, 0x00000007c0000000)
  eden space 83456K, 100% used [0x0000000795580000,0x000000079a700000,0x000000079a700000)
  from space 5120K, 99% used [0x000000079dc80000,0x000000079e17d4f8,0x000000079e180000)
  to   space 5120K, 0% used [0x000000079d780000,0x000000079d780000,0x000000079dc80000)
 ParOldGen       total 82432K, used 16768K [0x0000000740000000, 0x0000000745080000, 0x0000000795580000)
  object space 82432K, 20% used [0x0000000740000000,0x0000000741060240,0x0000000745080000)
 Metaspace       used 31002K, capacity 32040K, committed 32432K, reserved 1077248K
  class space    used 3823K, capacity 4152K, committed 4272K, reserved 1048576K
Event: 9.892 GC heap after
Heap after GC invocations=6 (full 1):
 PSYoungGen      total 106496K, used 5104K [0x0000000795580000, 0x000000079dd00000, 0x00000007c0000000)
  eden space 101376K, 0% used [0x0000000795580000,0x0000000795580000,0x000000079b880000)
  from space 5120K, 99% used [0x000000079d780000,0x000000079dc7c088,0x000000079dc80000)
  to   space 512K, 0% used [0x000000079dc80000,0x000000079dc80000,0x000000079dd00000)
 ParOldGen       total 82432K, used 20316K [0x0000000740000000, 0x0000000745080000, 0x0000000795580000)
  object space 82432K, 24% used [0x0000000740000000,0x00000007413d7378,0x0000000745080000)
 Metaspace       used 31002K, capacity 32040K, committed 32432K, reserved 1077248K
  class space    used 3823K, capacity 4152K, committed 4272K, reserved 1048576K
}

