# JRE version: Java(TM) SE Runtime Environment (8.0_121-b13) (build 1.8.0_121-b13)
# Java VM: Java HotSpot(TM) 64-Bit Server VM (25.121-b13 mixed mode bsd-amd64 compressed oops)
Heap:
 PSYoungGen      total 208384K, used 132415K [0x0000000795580000, 0x00000007a3d00000, 0x00000007c0000000)
  eden space 187904K, 59% used [0x0000000795580000,0x000000079c2d0260,0x00000007a0d00000)
  from space 20480K, 99% used [0x00000007a2480000,0x00000007a387fa50,0x00000007a3880000)
  to   space 24064K, 0% used [0x00000007a0d00000,0x00000007a0d00000,0x00000007a2480000)
 ParOldGen       total 113664K, used 32294K [0x0000000740000000, 0x0000000746f00000, 0x0000000795580000)
  object space 113664K, 28% used [0x0000000740000000,0x0000000741f89ba8,0x0000000746f00000)
 Metaspace       used 57513K, capacity 59006K, committed 59136K, reserved 1101824K
  class space    used 6976K, capacity 7335K, committed 7424K, reserved 1048576K
GC Heap History (10 events):
Event: 7.622 GC heap before
{Heap before GC invocations=12 (full 2):
 PSYoungGen      total 144896K, used 140437K [0x0000000795580000, 0x000000079ff80000, 0x00000007c0000000)
  eden space 132608K, 100% used [0x0000000795580000,0x000000079d700000,0x000000079d700000)
  from space 12288K, 63% used [0x000000079d700000,0x000000079dea5710,0x000000079e300000)
  to   space 11776K, 0% used [0x000000079f400000,0x000000079f400000,0x000000079ff80000)
 ParOldGen       total 113664K, used 22925K [0x0000000740000000, 0x0000000746f00000, 0x0000000795580000)
  object space 113664K, 20% used [0x0000000740000000,0x00000007416636c8,0x0000000746f00000)
 Metaspace       used 42193K, capacity 43348K, committed 43776K, reserved 1087488K
  class space    used 5227K, capacity 5568K, committed 5632K, reserved 1048576K
Event: 7.636 GC heap after
Heap after GC invocations=12 (full 2):
 PSYoungGen      total 161280K, used 11092K [0x0000000795580000, 0x00000007a0600000, 0x00000007c0000000)
  eden space 149504K, 0% used [0x0000000795580000,0x0000000795580000,0x000000079e780000)
  from space 11776K, 94% used [0x000000079f400000,0x000000079fed5230,0x000000079ff80000)
  to   space 12800K, 0% used [0x000000079e780000,0x000000079e780000,0x000000079f400000)
 ParOldGen       total 113664K, used 22933K [0x0000000740000000, 0x0000000746f00000, 0x0000000795580000)
  object space 113664K, 20% used [0x0000000740000000,0x00000007416656c8,0x0000000746f00000)
 Metaspace       used 42193K, capacity 43348K, committed 43776K, reserved 1087488K
  class space    used 5227K, capacity 5568K, committed 5632K, reserved 1048576K
}
Event: 11.587 GC heap before
{Heap before GC invocations=13 (full 2):
 PSYoungGen      total 161280K, used 160596K [0x0000000795580000, 0x00000007a0600000, 0x00000007c0000000)
  eden space 149504K, 100% used [0x0000000795580000,0x000000079e780000,0x000000079e780000)
  from space 11776K, 94% used [0x000000079f400000,0x000000079fed5230,0x000000079ff80000)
  to   space 12800K, 0% used [0x000000079e780000,0x000000079e780000,0x000000079f400000)
 ParOldGen       total 113664K, used 22933K [0x0000000740000000, 0x0000000746f00000, 0x0000000795580000)
  object space 113664K, 20% used [0x0000000740000000,0x00000007416656c8,0x0000000746f00000)
 Metaspace       used 46038K, capacity 47150K, committed 47488K, reserved 1091584K
  class space    used 5635K, capacity 5967K, committed 6016K, reserved 1048576K
Event: 11.621 GC heap after
Heap after GC invocations=13 (full 2):
 PSYoungGen      total 162304K, used 12799K [0x0000000795580000, 0x00000007a1a00000, 0x00000007c0000000)
  eden space 149504K, 0% used [0x0000000795580000,0x0000000795580000,0x000000079e780000)
  from space 12800K, 99% used [0x000000079e780000,0x000000079f3ffe00,0x000000079f400000)
  to   space 14336K, 0% used [0x00000007a0c00000,0x00000007a0c00000,0x00000007a1a00000)
 ParOldGen       total 113664K, used 23354K [0x0000000740000000, 0x0000000746f00000, 0x0000000795580000)
  object space 113664K, 20% used [0x0000000740000000,0x00000007416ce9d0,0x0000000746f00000)
 Metaspace       used 46038K, capacity 47150K, committed 47488K, reserved 1091584K
  class space    used 5635K, capacity 5967K, committed 6016K, reserved 1048576K
}
Event: 16.966 GC heap before
{Heap before GC invocations=14 (full 2):
 PSYoungGen      total 162304K, used 162303K [0x0000000795580000, 0x00000007a1a00000, 0x00000007c0000000)
  eden space 149504K, 100% used [0x0000000795580000,0x000000079e780000,0x000000079e780000)
  from space 12800K, 99% used [0x000000079e780000,0x000000079f3ffe00,0x000000079f400000)
  to   space 14336K, 0% used [0x00000007a0c00000,0x00000007a0c00000,0x00000007a1a00000)
 ParOldGen       total 113664K, used 23354K [0x0000000740000000, 0x0000000746f00000, 0x0000000795580000)
  object space 113664K, 20% used [0x0000000740000000,0x00000007416ce9d0,0x0000000746f00000)
 Metaspace       used 49489K, capacity 50668K, committed 51200K, reserved 1093632K
  class space    used 5982K, capacity 6324K, committed 6400K, reserved 1048576K
Event: 16.999 GC heap after
Heap after GC invocations=14 (full 2):
 PSYoungGen      total 184320K, used 14316K [0x0000000795580000, 0x00000007a1c80000, 0x00000007c0000000)
  eden space 169984K, 0% used [0x0000000795580000,0x0000000795580000,0x000000079fb80000)
  from space 14336K, 99% used [0x00000007a0c00000,0x00000007a19fb0f8,0x00000007a1a00000)
  to   space 16896K, 0% used [0x000000079fb80000,0x000000079fb80000,0x00000007a0c00000)
 ParOldGen       total 113664K, used 26294K [0x0000000740000000, 0x0000000746f00000, 0x0000000795580000)
  object space 113664K, 23% used [0x0000000740000000,0x00000007419adba0,0x0000000746f00000)
 Metaspace       used 49489K, capacity 50668K, committed 51200K, reserved 1093632K
  class space    used 5982K, capacity 6324K, committed 6400K, reserved 1048576K
}
Event: 23.965 GC heap before
{Heap before GC invocations=15 (full 2):
 PSYoungGen      total 184320K, used 184300K [0x0000000795580000, 0x00000007a1c80000, 0x00000007c0000000)
  eden space 169984K, 100% used [0x0000000795580000,0x000000079fb80000,0x000000079fb80000)
  from space 14336K, 99% used [0x00000007a0c00000,0x00000007a19fb0f8,0x00000007a1a00000)
  to   space 16896K, 0% used [0x000000079fb80000,0x000000079fb80000,0x00000007a0c00000)
 ParOldGen       total 113664K, used 26294K [0x0000000740000000, 0x0000000746f00000, 0x0000000795580000)
  object space 113664K, 23% used [0x0000000740000000,0x00000007419adba0,0x0000000746f00000)
 Metaspace       used 52327K, capacity 53574K, committed 53888K, reserved 1095680K
  class space    used 6348K, capacity 6707K, committed 6784K, reserved 1048576K
Event: 24.025 GC heap after
Heap after GC invocations=15 (full 2):
 PSYoungGen      total 186880K, used 16892K [0x0000000795580000, 0x00000007a3880000, 0x00000007c0000000)
  eden space 169984K, 0% used [0x0000000795580000,0x0000000795580000,0x000000079fb80000)
  from space 16896K, 99% used [0x000000079fb80000,0x00000007a0bff108,0x00000007a0c00000)
  to   space 20480K, 0% used [0x00000007a2480000,0x00000007a2480000,0x00000007a3880000)
 ParOldGen       total 113664K, used 30564K [0x0000000740000000, 0x0000000746f00000, 0x0000000795580000)
  object space 113664K, 26% used [0x0000000740000000,0x0000000741dd9140,0x0000000746f00000)
 Metaspace       used 52327K, capacity 53574K, committed 53888K, reserved 1095680K
  class space    used 6348K, capacity 6707K, committed 6784K, reserved 1048576K
}
Event: 32.606 GC heap before
{Heap before GC invocations=16 (full 2):
 PSYoungGen      total 186880K, used 186876K [0x0000000795580000, 0x00000007a3880000, 0x00000007c0000000)
  eden space 169984K, 100% used [0x0000000795580000,0x000000079fb80000,0x000000079fb80000)
  from space 16896K, 99% used [0x000000079fb80000,0x00000007a0bff108,0x00000007a0c00000)
  to   space 20480K, 0% used [0x00000007a2480000,0x00000007a2480000,0x00000007a3880000)
 ParOldGen       total 113664K, used 30564K [0x0000000740000000, 0x0000000746f00000, 0x0000000795580000)
  object space 113664K, 26% used [0x0000000740000000,0x0000000741dd9140,0x0000000746f00000)
 Metaspace       used 53845K, capacity 55284K, committed 55296K, reserved 1097728K
  class space    used 6547K, capacity 6912K, committed 6912K, reserved 1048576K
Event: 32.645 GC heap after
Heap after GC invocations=16 (full 2):
 PSYoungGen      total 208384K, used 20478K [0x0000000795580000, 0x00000007a3d00000, 0x00000007c0000000)
  eden space 187904K, 0% used [0x0000000795580000,0x0000000795580000,0x00000007a0d00000)
  from space 20480K, 99% used [0x00000007a2480000,0x00000007a387fa50,0x00000007a3880000)
  to   space 24064K, 0% used [0x00000007a0d00000,0x00000007a0d00000,0x00000007a2480000)
 ParOldGen       total 113664K, used 32294K [0x0000000740000000, 0x0000000746f00000, 0x0000000795580000)
  object space 113664K, 28% used [0x0000000740000000,0x0000000741f89ba8,0x0000000746f00000)
 Metaspace       used 53845K, capacity 55284K, committed 55296K, reserved 1097728K
  class space    used 6547K, capacity 6912K, committed 6912K, reserved 1048576K
}

